
--- Job MESSAGE_master.gms Start 10/25/21 16:21:21 24.7.4 r58773 WEX-WEI x86 64bit/MS Windows
GAMS 24.7.4   Copyright (C) 1987-2016 GAMS Development. All rights reserved
Licensee: Energy Planning Program                        W150420:1241AO-WIN
          COPPE-UFRJ                                                DC11728
          License for teaching and research at degree granting institutions
--- Starting compilation
--- MESSAGE_master.gms(123) 2 Mb
--- .MESSAGE_run.gms(65) 2 Mb
--- ..MESSAGE/model_setup.gms(66) 2 Mb
--- ...MESSAGE/auxiliary_settings.gms(37) 2 Mb
--- ..MESSAGE/model_setup.gms(69) 2 Mb
--- ...version.gms(23) 2 Mb
--- ..MESSAGE/model_setup.gms(70) 2 Mb
--- ...MESSAGE/version_check.gms(7) 2 Mb
--- GDXin=D:\Fabio\Diuana_Pdrive_IIASA\Models\NEST-BLUES\model\data/MsgData_BLUES_Brasil_1.99_IX_79_15C_wCost.gdx
--- ...MESSAGE/version_check.gms(24) 3 Mb
--- ..MESSAGE/model_setup.gms(73) 3 Mb
--- ...MESSAGE/sets_maps_def.gms(477) 3 Mb
--- ..MESSAGE/model_setup.gms(74) 3 Mb
--- ...MESSAGE/parameter_def.gms(834) 3 Mb
--- ..MESSAGE/model_setup.gms(77) 3 Mb
--- ...MESSAGE/data_load.gms(9) 3 Mb
--- GDXin=D:\Fabio\Diuana_Pdrive_IIASA\Models\NEST-BLUES\model\data/MsgData_BLUES_Brasil_1.99_IX_79_15C_wCost.gdx
--- ...MESSAGE/data_load.gms(116) 24 Mb
--- ....includes/period_parameter_assignment.gms(143) 24 Mb
--- ...MESSAGE/data_load.gms(272) 24 Mb
--- ..MESSAGE/model_setup.gms(80) 24 Mb
--- ...MESSAGE/scaling_investment_costs.gms(186) 24 Mb
--- ..MESSAGE/model_setup.gms(86) 24 Mb
--- ...MESSAGE/model_core.gms(1856) 24 Mb 6 Errors
*** Error 143 in D:\Fabio\Diuana_Pdrive_IIASA\Models\NEST-BLUES\model\MESSAGE/model_core.gms
    A suffix is missing
*** Error 141 in D:\Fabio\Diuana_Pdrive_IIASA\Models\NEST-BLUES\model\MESSAGE/model_core.gms
    Symbol declared but no values have been assigned. Check for missing
       data definition, assignment, data loading or implicit assignment
       via a solve statement.
       A wild shot: You may have spurious commas in the explanatory
       text of a declaration. Check symbol reference list.
*** Error 149 in D:\Fabio\Diuana_Pdrive_IIASA\Models\NEST-BLUES\model\MESSAGE/model_core.gms
    Uncontrolled set entered as constant
*** Error 149 in D:\Fabio\Diuana_Pdrive_IIASA\Models\NEST-BLUES\model\MESSAGE/model_core.gms
    Uncontrolled set entered as constant
*** Error 149 in D:\Fabio\Diuana_Pdrive_IIASA\Models\NEST-BLUES\model\MESSAGE/model_core.gms
    Uncontrolled set entered as constant
*** Error 149 in D:\Fabio\Diuana_Pdrive_IIASA\Models\NEST-BLUES\model\MESSAGE/model_core.gms
    Uncontrolled set entered as constant
--- ...MESSAGE/model_core.gms(1857) 24 Mb 7 Errors
*** Error 143 in D:\Fabio\Diuana_Pdrive_IIASA\Models\NEST-BLUES\model\MESSAGE/model_core.gms
    A suffix is missing
--- ...MESSAGE/model_core.gms(2365) 24 Mb
--- ..MESSAGE/model_setup.gms(86) 24 Mb
--- .MESSAGE_run.gms(71) 24 Mb
--- ..MESSAGE/model_solve.gms(27) 24 Mb 8 Errors
*** Error 257 in D:\Fabio\Diuana_Pdrive_IIASA\Models\NEST-BLUES\model\MESSAGE/model_solve.gms
    Solve statement not checked because of previous errors
--- ..MESSAGE/model_solve.gms(44) 24 Mb 9 Errors
*** Error 141 in D:\Fabio\Diuana_Pdrive_IIASA\Models\NEST-BLUES\model\MESSAGE/model_solve.gms
    Symbol declared but no values have been assigned. Check for missing
       data definition, assignment, data loading or implicit assignment
       via a solve statement.
       A wild shot: You may have spurious commas in the explanatory
       text of a declaration. Check symbol reference list.
--- ..MESSAGE/model_solve.gms(53) 24 Mb 11 Errors
*** Error 141 in D:\Fabio\Diuana_Pdrive_IIASA\Models\NEST-BLUES\model\MESSAGE/model_solve.gms
    Symbol declared but no values have been assigned. Check for missing
       data definition, assignment, data loading or implicit assignment
       via a solve statement.
       A wild shot: You may have spurious commas in the explanatory
       text of a declaration. Check symbol reference list.
*** Error 141 in D:\Fabio\Diuana_Pdrive_IIASA\Models\NEST-BLUES\model\MESSAGE/model_solve.gms
    Symbol declared but no values have been assigned. Check for missing
       data definition, assignment, data loading or implicit assignment
       via a solve statement.
       A wild shot: You may have spurious commas in the explanatory
       text of a declaration. Check symbol reference list.
--- ..MESSAGE/model_solve.gms(104) 24 Mb
--- ...includes/aux_computation_time.gms(14) 24 Mb
--- ..MESSAGE/model_solve.gms(105) 24 Mb 12 Errors
*** Error 257 in D:\Fabio\Diuana_Pdrive_IIASA\Models\NEST-BLUES\model\MESSAGE/model_solve.gms
    Solve statement not checked because of previous errors
--- ..MESSAGE/model_solve.gms(126) 24 Mb 13 Errors
*** Error 141 in D:\Fabio\Diuana_Pdrive_IIASA\Models\NEST-BLUES\model\MESSAGE/model_solve.gms
    Symbol declared but no values have been assigned. Check for missing
       data definition, assignment, data loading or implicit assignment
       via a solve statement.
       A wild shot: You may have spurious commas in the explanatory
       text of a declaration. Check symbol reference list.
--- ..MESSAGE/model_solve.gms(127) 24 Mb 14 Errors
*** Error 141 in D:\Fabio\Diuana_Pdrive_IIASA\Models\NEST-BLUES\model\MESSAGE/model_solve.gms
    Symbol declared but no values have been assigned. Check for missing
       data definition, assignment, data loading or implicit assignment
       via a solve statement.
       A wild shot: You may have spurious commas in the explanatory
       text of a declaration. Check symbol reference list.
--- ..MESSAGE/model_solve.gms(128) 24 Mb 15 Errors
*** Error 141 in D:\Fabio\Diuana_Pdrive_IIASA\Models\NEST-BLUES\model\MESSAGE/model_solve.gms
    Symbol declared but no values have been assigned. Check for missing
       data definition, assignment, data loading or implicit assignment
       via a solve statement.
       A wild shot: You may have spurious commas in the explanatory
       text of a declaration. Check symbol reference list.
--- ..MESSAGE/model_solve.gms(129) 24 Mb 16 Errors
*** Error 141 in D:\Fabio\Diuana_Pdrive_IIASA\Models\NEST-BLUES\model\MESSAGE/model_solve.gms
    Symbol declared but no values have been assigned. Check for missing
       data definition, assignment, data loading or implicit assignment
       via a solve statement.
       A wild shot: You may have spurious commas in the explanatory
       text of a declaration. Check symbol reference list.
--- ..MESSAGE/model_solve.gms(164) 24 Mb 17 Errors
*** Error 141 in D:\Fabio\Diuana_Pdrive_IIASA\Models\NEST-BLUES\model\MESSAGE/model_solve.gms
    Symbol declared but no values have been assigned. Check for missing
       data definition, assignment, data loading or implicit assignment
       via a solve statement.
       A wild shot: You may have spurious commas in the explanatory
       text of a declaration. Check symbol reference list.
--- ..MESSAGE/model_solve.gms(170) 24 Mb
--- .MESSAGE_run.gms(78) 24 Mb
--- ..MESSAGE/reporting.gms(26) 24 Mb
--- .MESSAGE_run.gms(87) 24 Mb
--- MESSAGE_master.gms(129) 24 Mb 17 Errors
*** Status: Compilation error(s)
--- Job MESSAGE_master.gms Stop 10/25/21 16:21:21 elapsed 0:00:00.248
Exit code = 2
